── Attaching core tidyverse packages ──────────────────────── tidyverse 2.0.0 ──
✔ dplyr     1.2.0     ✔ readr     2.2.0
✔ forcats   1.0.1     ✔ stringr   1.6.0
✔ ggplot2   4.0.2     ✔ tibble    3.3.1
✔ lubridate 1.9.5     ✔ tidyr     1.3.2
✔ purrr     1.2.1     
── Conflicts ────────────────────────────────────────── tidyverse_conflicts() ──
✖ dplyr::filter() masks stats::filter()
✖ dplyr::lag()    masks stats::lag()
ℹ Use the conflicted package (<http://conflicted.r-lib.org/>) to force all conflicts to become errors
Welcome to factoextra!
Want to learn more? See two factoextra-related books at https://www.datanovia.com/en/product/practical-guide-to-principal-component-methods-in-r/

Attaching package: ‘Hmisc’

The following objects are masked from ‘package:dplyr’:

    src, summarize

The following objects are masked from ‘package:base’:

    format.pval, units


Attaching package: ‘gt’

The following objects are masked from ‘package:Hmisc’:

    html, latex

Loading required package: grid
Loading required package: Matrix

Attaching package: ‘Matrix’

The following objects are masked from ‘package:tidyr’:

    expand, pack, unpack

Loading required package: survival

Attaching package: ‘survey’

The following object is masked from ‘package:Hmisc’:

    deff

The following object is masked from ‘package:graphics’:

    dotchart


=== Tier sizes ===
Primary (11-input):

Tier 1 Tier 2 Tier 3 Tier 4 Tier 5 
  2881   2321   2416   2638   2394 

Sensitivity (7-input):

Tier 1 Tier 2 Tier 3 Tier 4 Tier 5 
  2662   2577   2457   2548   2406 

=== Hypertension prevalence by tier ===
# A tibble: 5 × 3
  tier   `Primary (11-input)` `Sensitivity (7-input)`
  <fct>                 <dbl>                   <dbl>
1 Tier 1                0.150                   0.191
2 Tier 2                0.186                   0.233
3 Tier 3                0.217                   0.291
4 Tier 4                0.252                   0.358
5 Tier 5                0.632                   0.344

=== Cross-tabulation (rows = primary, cols = sensitivity) ===
        Sensitivity
Primary  Tier 1 Tier 2 Tier 3 Tier 4 Tier 5
  Tier 1   2360    492     15     14      0
  Tier 2    189   1895    177     59      1
  Tier 3      0      0   2009    311     96
  Tier 4      0      0     19   1798    821
  Tier 5    113    190    237    366   1488

=== Adjusted ORs (svyglm; Tier 1 = reference) ===
Primary (11-input):
              tier    OR  lo95  hi95         p
ncdviTier 2 Tier 2  1.34  1.11  1.61  2.39e-03
ncdviTier 3 Tier 3  1.84  1.52  2.22  3.72e-10
ncdviTier 4 Tier 4  3.23  2.67  3.90  2.38e-30
ncdviTier 5 Tier 5 15.89 12.93 19.53 4.74e-103

Sensitivity (7-input):
                 tier   OR lo95 hi95        p
ncdvi_seTier 2 Tier 2 1.37 1.17 1.60 1.14e-04
ncdvi_seTier 3 Tier 3 1.60 1.36 1.89 3.50e-08
ncdvi_seTier 4 Tier 4 2.92 2.46 3.48 1.38e-30
ncdvi_seTier 5 Tier 5 2.67 2.16 3.28 4.25e-19

Saved to outputs/phase2_sensitivity.rds
Loading required package: lme4
WeMix v4.0.3


[Sanity] Method A: max |sum(wt1_A) - n_j| = 0 
[Sanity] Method B: max |sum(wt1_B) - eff_n_j| = 7.105427e-15 
[Distribution] median(eff_n / n_j) = 1 (close to 1 = weights nearly equal within cluster)

[Phase 3c] Fitting WeMix — Method A, primary 11-input ...
  done in 6.78 min

[Phase 3c] Fitting WeMix — Method A, sensitivity 7-input ...
  done in 6.73 min

[Phase 3c] Fitting WeMix — Method B, primary 11-input ...
  done in 6.73 min

[Phase 3c] Fitting WeMix — Method B, sensitivity 7-input ...
  done in 6.66 min

=== Phase 3c — WeMix with PSU-scaled level-1 weights ===
                       fit sigma2_primary ICC_primary    Tier5_OR_primary
 WeMix baseline (unscaled)          2.458       0.428 31.34 (24.33-40.37)
     WeMix Method A (size)          1.609       0.329  27.1 (21.54-34.08)
    WeMix Method B (eff n)          1.609       0.329  27.1 (21.54-34.08)
 glmer (freq weights, ref)          0.156       0.045                <NA>
 sigma2_sens ICC_sens    Tier5_OR_sens
       2.144    0.395  4.02 (3.1-5.22)
       1.380    0.295 3.86 (3.07-4.85)
       1.380    0.295 3.86 (3.07-4.85)
          NA       NA             <NA>

--- Full Tier ORs ---
Method A, primary:
   tier    OR  lo95  hi95
 Tier 2  1.38  1.14  1.67
 Tier 3  2.10  1.74  2.55
 Tier 4  3.83  3.13  4.68
 Tier 5 27.10 21.54 34.08

Method A, sensitivity:
   tier   OR lo95 hi95
 Tier 2 1.37 1.16 1.62
 Tier 3 1.81 1.53 2.15
 Tier 4 3.13 2.62 3.75
 Tier 5 3.86 3.07 4.85

Method B, primary:
   tier    OR  lo95  hi95
 Tier 2  1.38  1.14  1.67
 Tier 3  2.10  1.74  2.55
 Tier 4  3.83  3.13  4.68
 Tier 5 27.10 21.54 34.08

Method B, sensitivity:
   tier   OR lo95 hi95
 Tier 2 1.37 1.16 1.62
 Tier 3 1.81 1.53 2.15
 Tier 4 3.13 2.62 3.75
 Tier 5 3.86 3.07 4.85

Saved to outputs/phase3c_scaled_weights.rds
