── Attaching core tidyverse packages ──────────────────────── tidyverse 2.0.0 ──
✔ dplyr     1.2.0     ✔ readr     2.2.0
✔ forcats   1.0.1     ✔ stringr   1.6.0
✔ ggplot2   4.0.2     ✔ tibble    3.3.1
✔ lubridate 1.9.5     ✔ tidyr     1.3.2
✔ purrr     1.2.1     
── Conflicts ────────────────────────────────────────── tidyverse_conflicts() ──
✖ dplyr::filter() masks stats::filter()
✖ dplyr::lag()    masks stats::lag()
ℹ Use the conflicted package (<http://conflicted.r-lib.org/>) to force all conflicts to become errors
Welcome to factoextra!
Want to learn more? See two factoextra-related books at https://www.datanovia.com/en/product/practical-guide-to-principal-component-methods-in-r/

Attaching package: ‘Hmisc’

The following objects are masked from ‘package:dplyr’:

    src, summarize

The following objects are masked from ‘package:base’:

    format.pval, units


Attaching package: ‘gt’

The following objects are masked from ‘package:Hmisc’:

    html, latex

Loading required package: grid
Loading required package: Matrix

Attaching package: ‘Matrix’

The following objects are masked from ‘package:tidyr’:

    expand, pack, unpack

Loading required package: survival

Attaching package: ‘survey’

The following object is masked from ‘package:Hmisc’:

    deff

The following object is masked from ‘package:graphics’:

    dotchart

Type 'citation("pROC")' for a citation.

Attaching package: ‘pROC’

The following objects are masked from ‘package:stats’:

    cov, smooth, var


=== Phase 4c — Build-up of discrimination levers ===

[M0] hyper ~ ncdvi + diabetic + age_cat + sex + educ + marital_status + wealth_index + division + area_res
  apparent AUC = 0.796 (0.787-0.805)   |   10-fold CV AUC = 0.794 (0.785-0.803)

[M1] hyper ~ ncdvi_cont + diabetic + age_cat + sex + educ + marital_status + wealth_index + division + area_res
  apparent AUC = 0.809 (0.800-0.818)   |   10-fold CV AUC = 0.807 (0.798-0.815)

[M2] hyper ~ ncdvi_cont + age_c + diabetic + sex + educ + marital_status + wealth_index + division + area_res
  apparent AUC = 0.810 (0.802-0.819)   |   10-fold CV AUC = 0.808 (0.799-0.817)

[M3] hyper ~ ncdvi_cont + age_c + bmi_c + diabetic + sex + educ + marital_status + wealth_index + division + area_res
  apparent AUC = 0.816 (0.808-0.825)   |   10-fold CV AUC = 0.814 (0.805-0.823)

[M4] hyper ~ ncdvi_cont + age_c + bmi_c + gluc_c + sex + educ + marital_status + wealth_index + division + area_res
  apparent AUC = 0.816 (0.807-0.824)   |   10-fold CV AUC = 0.813 (0.805-0.822)

[M5] hyper ~ ncdvi_cont + age_c + bmi_c + gluc_c + age_c:sex + age_c:bmi_c + age_c:gluc_c + sex:bmi_c + sex + educ + marital_status + wealth_index + division + area_res
  apparent AUC = 0.818 (0.809-0.826)   |   10-fold CV AUC = 0.815 (0.807-0.824)

[M6] hyper ~ ncdvi_cont + ns(age_c, 4) + ns(bmi_c, 4) + gluc_c + age_c:sex + age_c:bmi_c + age_c:gluc_c + sex:bmi_c + sex + educ + marital_status + wealth_index + division + area_res
  apparent AUC = 0.819 (0.810-0.827)   |   10-fold CV AUC = 0.816 (0.807-0.824)

=== Phase 4c — Single-interaction probe (M4 baseline) ===
  + age_c:sex    apparent = 0.8168 (delta 0.0012)   CV = 0.8145 (delta 0.0012)
  + age_c:bmi_c    apparent = 0.8154 (delta -0.0001)   CV = 0.8131 (delta -0.0002)
  + age_c:gluc_c    apparent = 0.8160 (delta 0.0004)   CV = 0.8136 (delta 0.0003)
  + age_c:diabetic_n    apparent = 0.8158 (delta 0.0002)   CV = 0.8134 (delta 0.0001)
  + sex:bmi_c    apparent = 0.8167 (delta 0.0012)   CV = 0.8144 (delta 0.0011)
  + sex:gluc_c    apparent = 0.8155 (delta -0.0000)   CV = 0.8131 (delta -0.0002)
  + bmi_c:gluc_c    apparent = 0.8156 (delta 0.0000)   CV = 0.8133 (delta -0.0000)
  + ncdvi_cont:age_c    apparent = 0.8159 (delta 0.0003)   CV = 0.8134 (delta 0.0001)
  + ncdvi_cont:sex    apparent = 0.8158 (delta 0.0002)   CV = 0.8135 (delta 0.0002)

=== Phase 4c — XGBoost benchmark (Supplementary discrimination ceiling) ===
XGBoost 10-fold CV AUC = 0.811 (95% CI 0.803-0.820)
Warning messages:
1: In throw_err_or_depr_msg("Parameter '", match_old, "' has been renamed to '",  :
  Parameter 'watchlist' has been renamed to 'evals'. This warning will become an error in a future version.
2: In throw_err_or_depr_msg("Parameter '", match_old, "' has been renamed to '",  :
  Parameter 'watchlist' has been renamed to 'evals'. This warning will become an error in a future version.
3: In throw_err_or_depr_msg("Parameter '", match_old, "' has been renamed to '",  :
  Parameter 'watchlist' has been renamed to 'evals'. This warning will become an error in a future version.
4: In throw_err_or_depr_msg("Parameter '", match_old, "' has been renamed to '",  :
  Parameter 'watchlist' has been renamed to 'evals'. This warning will become an error in a future version.
5: In throw_err_or_depr_msg("Parameter '", match_old, "' has been renamed to '",  :
  Parameter 'watchlist' has been renamed to 'evals'. This warning will become an error in a future version.
6: In throw_err_or_depr_msg("Parameter '", match_old, "' has been renamed to '",  :
  Parameter 'watchlist' has been renamed to 'evals'. This warning will become an error in a future version.
7: In throw_err_or_depr_msg("Parameter '", match_old, "' has been renamed to '",  :
  Parameter 'watchlist' has been renamed to 'evals'. This warning will become an error in a future version.
8: In throw_err_or_depr_msg("Parameter '", match_old, "' has been renamed to '",  :
  Parameter 'watchlist' has been renamed to 'evals'. This warning will become an error in a future version.
9: In throw_err_or_depr_msg("Parameter '", match_old, "' has been renamed to '",  :
  Parameter 'watchlist' has been renamed to 'evals'. This warning will become an error in a future version.
10: In throw_err_or_depr_msg("Parameter '", match_old, "' has been renamed to '",  :
  Parameter 'watchlist' has been renamed to 'evals'. This warning will become an error in a future version.

=== Phase 4c — Final summary ===
             model apparent_AUC cv_AUC  cv_lo  cv_hi
                M0       0.7960 0.7937 0.7847 0.8026
                M1       0.8092 0.8066 0.7978 0.8154
                M2       0.8105 0.8080 0.7992 0.8168
                M3       0.8162 0.8140 0.8054 0.8225
                M4       0.8156 0.8133 0.8047 0.8219
                M5       0.8178 0.8154 0.8069 0.8239
                M6       0.8187 0.8160 0.8075 0.8244
 XGBoost (CV only)           NA 0.8115 0.8027 0.8202

Saved to outputs/phase4c_discrimination_enhance.rds
