── Attaching core tidyverse packages ──────────────────────── tidyverse 2.0.0 ──
✔ dplyr     1.2.0     ✔ readr     2.2.0
✔ forcats   1.0.1     ✔ stringr   1.6.0
✔ ggplot2   4.0.2     ✔ tibble    3.3.1
✔ lubridate 1.9.5     ✔ tidyr     1.3.2
✔ purrr     1.2.1     
── Conflicts ────────────────────────────────────────── tidyverse_conflicts() ──
✖ dplyr::filter() masks stats::filter()
✖ dplyr::lag()    masks stats::lag()
ℹ Use the conflicted package (<http://conflicted.r-lib.org/>) to force all conflicts to become errors
Welcome to factoextra!
Want to learn more? See two factoextra-related books at https://www.datanovia.com/en/product/practical-guide-to-principal-component-methods-in-r/

Attaching package: ‘Hmisc’

The following objects are masked from ‘package:dplyr’:

    src, summarize

The following objects are masked from ‘package:base’:

    format.pval, units


Attaching package: ‘gt’

The following objects are masked from ‘package:Hmisc’:

    html, latex

Loading required package: grid
Loading required package: Matrix

Attaching package: ‘Matrix’

The following objects are masked from ‘package:tidyr’:

    expand, pack, unpack

Loading required package: survival

Attaching package: ‘survey’

The following object is masked from ‘package:Hmisc’:

    deff

The following object is masked from ‘package:graphics’:

    dotchart

Type 'citation("pROC")' for a citation.

Attaching package: ‘pROC’

The following objects are masked from ‘package:stats’:

    cov, smooth, var


=== Phase 5 / S1 — Inertia: raw vs Greenacre-adjusted (first 5 dims) ===
 dim    eig raw_pct greenacre_pct
   1 0.2768   16.91         91.18
   2 0.1449    8.85          7.69
   3 0.1103    6.74          0.99
   4 0.0970    5.93          0.10
   5 0.0942    5.76          0.03

Dim-1 captures 16.9% raw / 91.2% Greenacre-adjusted inertia.

=== Phase 5 — Robustness build-up (glm, sample-weighted) ===
  baseline                top-tier OR = 15.89 (13.31-18.97)   CV AUC = 0.7935   tiers = 5   monotonic = TRUE
  drop_cook_location      top-tier OR = 15.59 (13.09-18.57)   CV AUC = 0.7948   tiers = 5   monotonic = TRUE
  ncp_2                   top-tier OR = 12.76 (10.64-15.30)   CV AUC = 0.7814   tiers = 5   monotonic = TRUE
  ncp_3                   top-tier OR =  9.65 (8.18-11.38)   CV AUC = 0.7767   tiers = 5   monotonic = FALSE
  cut_quintile            top-tier OR = 15.89 (13.31-18.97)   CV AUC = 0.7931   tiers = 5   monotonic = TRUE
  cut_kmeans              top-tier OR = 87.16 (46.27-164.20)   CV AUC = 0.7932   tiers = 5   monotonic = TRUE
  cut_jenks               top-tier OR = 87.16 (46.27-164.20)   CV AUC = 0.7930   tiers = 5   monotonic = TRUE
  cut_equal_width         top-tier OR = 63.76 (33.96-119.72)   CV AUC = 0.7946   tiers = 5   monotonic = TRUE
  tiers_4                 top-tier OR = 10.32 (8.79-12.12)   CV AUC = 0.7897   tiers = 4   monotonic = TRUE
  tiers_5                 top-tier OR = 15.89 (13.31-18.97)   CV AUC = 0.7935   tiers = 5   monotonic = TRUE
  tiers_6                 top-tier OR = 19.98 (16.43-24.28)   CV AUC = 0.7956   tiers = 6   monotonic = TRUE
  tiers_7                 top-tier OR = 28.83 (23.26-35.74)   CV AUC = 0.8000   tiers = 7   monotonic = TRUE
  pcamix                  top-tier OR = 15.89 (13.31-18.97)   CV AUC = 0.7933   tiers = 5   monotonic = TRUE

Saved to outputs/phase5_mca_robustness.rds
