── Attaching core tidyverse packages ──────────────────────── tidyverse 2.0.0 ──
✔ dplyr     1.2.0     ✔ readr     2.2.0
✔ forcats   1.0.1     ✔ stringr   1.6.0
✔ ggplot2   4.0.2     ✔ tibble    3.3.1
✔ lubridate 1.9.5     ✔ tidyr     1.3.2
✔ purrr     1.2.1     
── Conflicts ────────────────────────────────────────── tidyverse_conflicts() ──
✖ dplyr::filter() masks stats::filter()
✖ dplyr::lag()    masks stats::lag()
ℹ Use the conflicted package (<http://conflicted.r-lib.org/>) to force all conflicts to become errors
Welcome to factoextra!
Want to learn more? See two factoextra-related books at https://www.datanovia.com/en/product/practical-guide-to-principal-component-methods-in-r/

Attaching package: ‘Hmisc’

The following objects are masked from ‘package:dplyr’:

    src, summarize

The following objects are masked from ‘package:base’:

    format.pval, units


Attaching package: ‘gt’

The following objects are masked from ‘package:Hmisc’:

    html, latex

Loading required package: grid
Loading required package: Matrix

Attaching package: ‘Matrix’

The following objects are masked from ‘package:tidyr’:

    expand, pack, unpack

Loading required package: survival

Attaching package: ‘survey’

The following object is masked from ‘package:Hmisc’:

    deff

The following object is masked from ‘package:graphics’:

    dotchart

Note: MCA dim-1 sign inverted; tier labels flipped.

=== Tier sizes ===
Primary (11-input):

Tier 1 Tier 2 Tier 3 Tier 4 Tier 5 
  2491   2265   1745   3599   2550 

Sensitivity (7-input):

Tier 1 Tier 2 Tier 3 Tier 4 Tier 5 
  2264   1546   2729   3581   2530 

=== Hypertension prevalence by tier ===
# A tibble: 5 × 3
  tier   `Primary (11-input)` `Sensitivity (7-input)`
  <fct>                 <dbl>                   <dbl>
1 Tier 1                0.149                   0.193
2 Tier 2                0.176                   0.223
3 Tier 3                0.204                   0.248
4 Tier 4                0.237                   0.337
5 Tier 5                0.622                   0.356

=== Cross-tabulation (rows = primary, cols = sensitivity) ===
        Sensitivity
Primary  Tier 1 Tier 2 Tier 3 Tier 4 Tier 5
  Tier 1   1972    501     10      8      0
  Tier 2    192    465   1583     25      0
  Tier 3      0    474    903    308     60
  Tier 4      0      0     24   2731    844
  Tier 5    100    106    209    509   1626

=== Adjusted ORs (svyglm; Tier 1 = reference) ===
Primary (11-input):
              tier    OR  lo95  hi95        p
ncdviTier 2 Tier 2  1.12  0.93  1.35 2.23e-01
ncdviTier 3 Tier 3  1.61  1.31  1.97 7.17e-06
ncdviTier 4 Tier 4  2.54  2.09  3.08 6.11e-20
ncdviTier 5 Tier 5 13.95 11.35 17.14 1.56e-96

Sensitivity (7-input):
                 tier   OR lo95 hi95        p
ncdvi_seTier 2 Tier 2 1.22 1.01 1.46 3.63e-02
ncdvi_seTier 3 Tier 3 1.30 1.11 1.53 1.47e-03
ncdvi_seTier 4 Tier 4 2.32 1.96 2.75 4.97e-21
ncdvi_seTier 5 Tier 5 2.85 2.32 3.51 1.44e-21

Saved to outputs/phase2_sensitivity.rds
WeMix v4.0.3


Attaching package: ‘broom.helpers’

The following objects are masked from ‘package:gtsummary’:

    all_categorical, all_continuous, all_contrasts, all_dichotomous,
    all_interaction, all_intercepts


[Phase 3] Fitting glmer primary (11-input ncdvi)...
Warning messages:
1: In eval(family$initialize, rho) :
  non-integer #successes in a binomial glm!
2: In (function (fn, par, lower = rep.int(-Inf, n), upper = rep.int(Inf,  :
  failure to converge in 10000 evaluations
3: In optwrap(optimizer, devfun, start, rho$lower, control = control,  :
  convergence code 4 from Nelder_Mead: failure to converge in 10000 evaluations
  done in 0.93 min

[Phase 3] Fitting glmer sensitivity (7-input ncdvi_se)...
Warning messages:
1: In eval(family$initialize, rho) :
  non-integer #successes in a binomial glm!
2: In (function (fn, par, lower = rep.int(-Inf, n), upper = rep.int(Inf,  :
  failure to converge in 10000 evaluations
3: In optwrap(optimizer, devfun, start, rho$lower, control = control,  :
  convergence code 4 from Nelder_Mead: failure to converge in 10000 evaluations
  done in 1 min

[Phase 3] Fitting WeMix sensitivity-spec (scaled wt1, 11-input)...
  done in 6.65 min

[Phase 3] Fitting WeMix sensitivity-spec (scaled wt1, 7-input)...
  done in 6.68 min

=== Phase 3 — Multilevel results (final spec) ===

[PRIMARY] glmer (lme4) — sample weights as freq weights
  11-input: sigma2_u = 0.137, ICC = 0.040
   tier    OR  lo95  hi95
 Tier 2  1.14  0.96  1.36
 Tier 3  1.66  1.39  2.00
 Tier 4  2.69  2.28  3.18
 Tier 5 15.79 13.12 19.00

   7-input: sigma2_u = 0.124, ICC = 0.036
   tier   OR lo95 hi95
 Tier 2 1.25 1.05 1.50
 Tier 3 1.32 1.13 1.54
 Tier 4 2.46 2.10 2.88
 Tier 5 3.22 2.64 3.92

[SENSITIVITY — Supplementary] WeMix scaled-wt1 PML
  11-input: sigma2_u = 1.555, ICC = 0.321 (95% CI 0.000-0.583)
   tier    OR  lo95  hi95
 Tier 2  1.18  0.96  1.43
 Tier 3  1.80  1.47  2.21
 Tier 4  3.13  2.57  3.83
 Tier 5 21.18 16.86 26.61

   7-input: sigma2_u = 1.404, ICC = 0.299 (95% CI 0.000-0.558)
   tier   OR lo95 hi95
 Tier 2 1.27 1.05 1.54
 Tier 3 1.37 1.15 1.62
 Tier 4 2.69 2.25 3.22
 Tier 5 4.04 3.20 5.09

Saved to outputs/phase3_multilevel.rds
Warning message:
The `update` argument of `modify_footnote()` is deprecated as of gtsummary
2.0.0.
ℹ Use `modify_footnote(...)` input instead. Dynamic dots allow for syntax like
  `modify_footnote(!!!list(...))`.
ℹ The deprecated feature was likely used in the gtsummary package.
  Please report the issue at <https://github.com/ddsjoberg/gtsummary/issues>. 
