── Attaching core tidyverse packages ──────────────────────── tidyverse 2.0.0 ──
✔ dplyr     1.2.0     ✔ readr     2.2.0
✔ forcats   1.0.1     ✔ stringr   1.6.0
✔ ggplot2   4.0.2     ✔ tibble    3.3.1
✔ lubridate 1.9.5     ✔ tidyr     1.3.2
✔ purrr     1.2.1     
── Conflicts ────────────────────────────────────────── tidyverse_conflicts() ──
✖ dplyr::filter() masks stats::filter()
✖ dplyr::lag()    masks stats::lag()
ℹ Use the conflicted package (<http://conflicted.r-lib.org/>) to force all conflicts to become errors
Welcome to factoextra!
Want to learn more? See two factoextra-related books at https://www.datanovia.com/en/product/practical-guide-to-principal-component-methods-in-r/

Attaching package: ‘Hmisc’

The following objects are masked from ‘package:dplyr’:

    src, summarize

The following objects are masked from ‘package:base’:

    format.pval, units


Attaching package: ‘gt’

The following objects are masked from ‘package:Hmisc’:

    html, latex

Loading required package: grid
Loading required package: Matrix

Attaching package: ‘Matrix’

The following objects are masked from ‘package:tidyr’:

    expand, pack, unpack

Loading required package: survival

Attaching package: ‘survey’

The following object is masked from ‘package:Hmisc’:

    deff

The following object is masked from ‘package:graphics’:

    dotchart


=== Tier sizes ===
Primary (11-input):

Tier 1 Tier 2 Tier 3 Tier 4 Tier 5 
  2881   2321   2416   2638   2394 

Sensitivity (7-input):

Tier 1 Tier 2 Tier 3 Tier 4 Tier 5 
  2662   2577   2457   2548   2406 

=== Hypertension prevalence by tier ===
# A tibble: 5 × 3
  tier   `Primary (11-input)` `Sensitivity (7-input)`
  <fct>                 <dbl>                   <dbl>
1 Tier 1                0.150                   0.191
2 Tier 2                0.186                   0.233
3 Tier 3                0.217                   0.291
4 Tier 4                0.252                   0.358
5 Tier 5                0.632                   0.344

=== Cross-tabulation (rows = primary, cols = sensitivity) ===
        Sensitivity
Primary  Tier 1 Tier 2 Tier 3 Tier 4 Tier 5
  Tier 1   2360    492     15     14      0
  Tier 2    189   1895    177     59      1
  Tier 3      0      0   2009    311     96
  Tier 4      0      0     19   1798    821
  Tier 5    113    190    237    366   1488

=== Adjusted ORs (svyglm; Tier 1 = reference) ===
Primary (11-input):
              tier    OR  lo95  hi95         p
ncdviTier 2 Tier 2  1.34  1.11  1.61  2.39e-03
ncdviTier 3 Tier 3  1.84  1.52  2.22  3.72e-10
ncdviTier 4 Tier 4  3.23  2.67  3.90  2.38e-30
ncdviTier 5 Tier 5 15.89 12.93 19.53 4.74e-103

Sensitivity (7-input):
                 tier   OR lo95 hi95        p
ncdvi_seTier 2 Tier 2 1.37 1.17 1.60 1.14e-04
ncdvi_seTier 3 Tier 3 1.60 1.36 1.89 3.50e-08
ncdvi_seTier 4 Tier 4 2.92 2.46 3.48 1.38e-30
ncdvi_seTier 5 Tier 5 2.67 2.16 3.28 4.25e-19

Saved to outputs/phase2_sensitivity.rds
Loading required package: lme4
WeMix v4.0.3


[Baseline — Phase 3]   sigma2_u = 2.458   ICC = 0.428

[Diag 1] Fitting WeMix + PSU-mean covariates (Mundlak)...
  done in 9.37 min
  sigma2_u = 2.378   ICC = 0.420

[Diag 2] Fitting WeMix at nQuad = 21...
  done in 7.71 min
  sigma2_u = 2.458   ICC = 0.428

[Diag 3] Fitting svylme::svy2relmer (independent algorithm)...
  svy2relmer ERROR: object 'relfac' not found 
Warning message:
In relmatLmer_naive(formula, data, relmat = relmat) : No relmat terms found
  done in 0 min

=== Phase 3b — ICC investigation summary ===
               model sigma2_u   ICC Tier5_OR Tier5_lo Tier5_hi
  baseline (Phase 3)    2.458 0.428    31.34    24.33    40.37
 Mundlak (PSU means)    2.378 0.420       NA       NA       NA
            nQuad=21    2.458 0.428       NA       NA       NA
  svylme::svy2relmer       NA    NA       NA       NA       NA

Saved to outputs/phase3b_icc_investigation.rds
