── Attaching core tidyverse packages ──────────────────────── tidyverse 2.0.0 ──
✔ dplyr     1.2.0     ✔ readr     2.2.0
✔ forcats   1.0.1     ✔ stringr   1.6.0
✔ ggplot2   4.0.2     ✔ tibble    3.3.1
✔ lubridate 1.9.5     ✔ tidyr     1.3.2
✔ purrr     1.2.1     
── Conflicts ────────────────────────────────────────── tidyverse_conflicts() ──
✖ dplyr::filter() masks stats::filter()
✖ dplyr::lag()    masks stats::lag()
ℹ Use the conflicted package (<http://conflicted.r-lib.org/>) to force all conflicts to become errors
Welcome to factoextra!
Want to learn more? See two factoextra-related books at https://www.datanovia.com/en/product/practical-guide-to-principal-component-methods-in-r/

Attaching package: ‘Hmisc’

The following objects are masked from ‘package:dplyr’:

    src, summarize

The following objects are masked from ‘package:base’:

    format.pval, units


Attaching package: ‘gt’

The following objects are masked from ‘package:Hmisc’:

    html, latex

Loading required package: grid
Loading required package: Matrix

Attaching package: ‘Matrix’

The following objects are masked from ‘package:tidyr’:

    expand, pack, unpack

Loading required package: survival

Attaching package: ‘survey’

The following object is masked from ‘package:Hmisc’:

    deff

The following object is masked from ‘package:graphics’:

    dotchart


=== Tier sizes ===
Primary (11-input):

Tier 1 Tier 2 Tier 3 Tier 4 Tier 5 
  2881   2321   2416   2638   2394 

Sensitivity (7-input):

Tier 1 Tier 2 Tier 3 Tier 4 Tier 5 
  2662   2577   2457   2548   2406 

=== Hypertension prevalence by tier ===
# A tibble: 5 × 3
  tier   `Primary (11-input)` `Sensitivity (7-input)`
  <fct>                 <dbl>                   <dbl>
1 Tier 1                0.150                   0.191
2 Tier 2                0.186                   0.233
3 Tier 3                0.217                   0.291
4 Tier 4                0.252                   0.358
5 Tier 5                0.632                   0.344

=== Cross-tabulation (rows = primary, cols = sensitivity) ===
        Sensitivity
Primary  Tier 1 Tier 2 Tier 3 Tier 4 Tier 5
  Tier 1   2360    492     15     14      0
  Tier 2    189   1895    177     59      1
  Tier 3      0      0   2009    311     96
  Tier 4      0      0     19   1798    821
  Tier 5    113    190    237    366   1488

=== Adjusted ORs (svyglm; Tier 1 = reference) ===
Primary (11-input):
              tier    OR  lo95  hi95         p
ncdviTier 2 Tier 2  1.34  1.11  1.61  2.39e-03
ncdviTier 3 Tier 3  1.84  1.52  2.22  3.72e-10
ncdviTier 4 Tier 4  3.23  2.67  3.90  2.38e-30
ncdviTier 5 Tier 5 15.89 12.93 19.53 4.74e-103

Sensitivity (7-input):
                 tier   OR lo95 hi95        p
ncdvi_seTier 2 Tier 2 1.37 1.17 1.60 1.14e-04
ncdvi_seTier 3 Tier 3 1.60 1.36 1.89 3.50e-08
ncdvi_seTier 4 Tier 4 2.92 2.46 3.48 1.38e-30
ncdvi_seTier 5 Tier 5 2.67 2.16 3.28 4.25e-19

Saved to outputs/phase2_sensitivity.rds
WeMix v4.0.3


Attaching package: ‘broom.helpers’

The following objects are masked from ‘package:gtsummary’:

    all_categorical, all_continuous, all_contrasts, all_dichotomous,
    all_interaction, all_intercepts


[Phase 3] Fitting glmer primary (11-input ncdvi)...
Warning messages:
1: In eval(family$initialize, rho) :
  non-integer #successes in a binomial glm!
2: In (function (fn, par, lower = rep.int(-Inf, n), upper = rep.int(Inf,  :
  failure to converge in 10000 evaluations
3: In optwrap(optimizer, devfun, start, rho$lower, control = control,  :
  convergence code 4 from Nelder_Mead: failure to converge in 10000 evaluations
  done in 0.93 min

[Phase 3] Fitting glmer sensitivity (7-input ncdvi_se)...
Warning message:
In eval(family$initialize, rho) : non-integer #successes in a binomial glm!
  done in 0.62 min

[Phase 3] Fitting WeMix sensitivity-spec (scaled wt1, 11-input)...
  done in 6.9 min

[Phase 3] Fitting WeMix sensitivity-spec (scaled wt1, 7-input)...
  done in 6.72 min

=== Phase 3 — Multilevel results (final spec) ===

[PRIMARY] glmer (lme4) — sample weights as freq weights
  11-input: sigma2_u = 0.156, ICC = 0.045
   tier    OR  lo95  hi95
 Tier 2  1.37  1.16  1.61
 Tier 3  1.90  1.61  2.25
 Tier 4  3.45  2.92  4.08
 Tier 5 18.74 15.58 22.53

   7-input: sigma2_u = 0.114, ICC = 0.033
   tier   OR lo95 hi95
 Tier 2 1.39 1.20 1.61
 Tier 3 1.63 1.40 1.91
 Tier 4 3.10 2.66 3.62
 Tier 5 2.94 2.42 3.57

[SENSITIVITY — Supplementary] WeMix scaled-wt1 PML
  11-input: sigma2_u = 1.609, ICC = 0.329 (95% CI 0.000-0.592)
   tier    OR  lo95  hi95
 Tier 2  1.38  1.14  1.67
 Tier 3  2.10  1.74  2.55
 Tier 4  3.83  3.13  4.68
 Tier 5 27.10 21.54 34.08

   7-input: sigma2_u = 1.380, ICC = 0.295 (95% CI 0.000-0.554)
   tier   OR lo95 hi95
 Tier 2 1.37 1.16 1.62
 Tier 3 1.81 1.53 2.15
 Tier 4 3.13 2.62 3.75
 Tier 5 3.86 3.07 4.85

Saved to outputs/phase3_multilevel.rds
Warning message:
The `update` argument of `modify_footnote()` is deprecated as of gtsummary
2.0.0.
ℹ Use `modify_footnote(...)` input instead. Dynamic dots allow for syntax like
  `modify_footnote(!!!list(...))`.
ℹ The deprecated feature was likely used in the gtsummary package.
  Please report the issue at <https://github.com/ddsjoberg/gtsummary/issues>. 
