── Attaching core tidyverse packages ──────────────────────── tidyverse 2.0.0 ──
✔ dplyr     1.2.0     ✔ readr     2.2.0
✔ forcats   1.0.1     ✔ stringr   1.6.0
✔ ggplot2   4.0.2     ✔ tibble    3.3.1
✔ lubridate 1.9.5     ✔ tidyr     1.3.2
✔ purrr     1.2.1     
── Conflicts ────────────────────────────────────────── tidyverse_conflicts() ──
✖ dplyr::filter() masks stats::filter()
✖ dplyr::lag()    masks stats::lag()
ℹ Use the conflicted package (<http://conflicted.r-lib.org/>) to force all conflicts to become errors
Welcome to factoextra!
Want to learn more? See two factoextra-related books at https://www.datanovia.com/en/product/practical-guide-to-principal-component-methods-in-r/

Attaching package: ‘Hmisc’

The following objects are masked from ‘package:dplyr’:

    src, summarize

The following objects are masked from ‘package:base’:

    format.pval, units


Attaching package: ‘gt’

The following objects are masked from ‘package:Hmisc’:

    html, latex

Loading required package: grid
Loading required package: Matrix

Attaching package: ‘Matrix’

The following objects are masked from ‘package:tidyr’:

    expand, pack, unpack

Loading required package: survival

Attaching package: ‘survey’

The following object is masked from ‘package:Hmisc’:

    deff

The following object is masked from ‘package:graphics’:

    dotchart

Note: MCA dim-1 sign inverted; tier labels flipped.

=== Tier sizes ===
Primary (11-input):

Tier 1 Tier 2 Tier 3 Tier 4 Tier 5 
  2491   2265   1745   3599   2550 

Sensitivity (7-input):

Tier 1 Tier 2 Tier 3 Tier 4 Tier 5 
  2264   1546   2729   3581   2530 

=== Hypertension prevalence by tier ===
# A tibble: 5 × 3
  tier   `Primary (11-input)` `Sensitivity (7-input)`
  <fct>                 <dbl>                   <dbl>
1 Tier 1                0.149                   0.193
2 Tier 2                0.176                   0.223
3 Tier 3                0.204                   0.248
4 Tier 4                0.237                   0.337
5 Tier 5                0.622                   0.356

=== Cross-tabulation (rows = primary, cols = sensitivity) ===
        Sensitivity
Primary  Tier 1 Tier 2 Tier 3 Tier 4 Tier 5
  Tier 1   1972    501     10      8      0
  Tier 2    192    465   1583     25      0
  Tier 3      0    474    903    308     60
  Tier 4      0      0     24   2731    844
  Tier 5    100    106    209    509   1626

=== Adjusted ORs (svyglm; Tier 1 = reference) ===
Primary (11-input):
              tier    OR  lo95  hi95        p
ncdviTier 2 Tier 2  1.12  0.93  1.35 2.23e-01
ncdviTier 3 Tier 3  1.61  1.31  1.97 7.17e-06
ncdviTier 4 Tier 4  2.54  2.09  3.08 6.11e-20
ncdviTier 5 Tier 5 13.95 11.35 17.14 1.56e-96

Sensitivity (7-input):
                 tier   OR lo95 hi95        p
ncdvi_seTier 2 Tier 2 1.22 1.01 1.46 3.63e-02
ncdvi_seTier 3 Tier 3 1.30 1.11 1.53 1.47e-03
ncdvi_seTier 4 Tier 4 2.32 1.96 2.75 4.97e-21
ncdvi_seTier 5 Tier 5 2.85 2.32 3.51 1.44e-21

Saved to outputs/phase2_sensitivity.rds
Type 'citation("pROC")' for a citation.

Attaching package: ‘pROC’

The following objects are masked from ‘package:stats’:

    cov, smooth, var

Warning message:
In eval(family$initialize) : non-integer #successes in a binomial glm!

[Phase 4b] Apparent AUC = 0.7960
[Phase 4b] Apparent calibration: intercept = -0.0137, slope = 0.9907

[Phase 4b] Running 200 bootstrap reps...
  rep  25/200  elapsed 0.0 min  mean optimism AUC = 0.0034
  rep  50/200  elapsed 0.1 min  mean optimism AUC = 0.0025
  rep  75/200  elapsed 0.1 min  mean optimism AUC = 0.0023
  rep 100/200  elapsed 0.2 min  mean optimism AUC = 0.0022
  rep 125/200  elapsed 0.2 min  mean optimism AUC = 0.0022
  rep 150/200  elapsed 0.3 min  mean optimism AUC = 0.0022
  rep 175/200  elapsed 0.3 min  mean optimism AUC = 0.0024
  rep 200/200  elapsed 0.3 min  mean optimism AUC = 0.0022

=== Phase 4b — Bootstrap optimism correction (B = 200) ===
AUC:               apparent = 0.796, optimism = 0.0022, corrected = 0.794
Calibration int:   apparent = -0.014, optimism = 0.0088, corrected = -0.023 (target 0)
Calibration slope: apparent = 0.991, optimism = 0.0114, corrected = 0.979 (target 1)

Saved to outputs/phase4b_bootstrap.rds
